<?xml version="1.0" encoding="UTF-8" ?>
<testsuite tests="3" failures="0" name="com.eleven.booklibrary.service.test.TestBookServcie" time="5.781" errors="1" skipped="0">
  <properties>
[...]
</properties>
  <testcase classname="com.eleven.booklibrary.service.test.TestBookServcie" name="testUpdateBook" time="4.799">
    <error type="java.lang.NullPointerException">java.lang.NullPointerException
	at com.eleven.booklibrary.service.impl.BookServiceImpl.updateBook(BookServiceImpl.java:98)
	at com.eleven.booklibrary.service.test.TestBookServcie.testUpdateBook(TestBookServcie.java:66)
	at sun.reflect.NativeMethodAccessorImpl.invoke0(Native Method)
	at sun.reflect.NativeMethodAccessorImpl.invoke(NativeMethodAccessorImpl.java:62)
	at sun.reflect.DelegatingMethodAccessorImpl.invoke(DelegatingMethodAccessorImpl.java:43)
	at java.lang.reflect.Method.invoke(Method.java:498)
	at org.junit.runners.model.FrameworkMethod$1.runReflectiveCall(FrameworkMethod.java:47)
	at org.junit.internal.runners.model.ReflectiveCallable.run(ReflectiveCallable.java:12)
	at org.junit.runners.model.FrameworkMethod.invokeExplosively(FrameworkMethod.java:44)
	at org.junit.internal.runners.statements.InvokeMethod.evaluate(InvokeMethod.java:17)
	at org.springframework.test.context.junit4.statements.RunBeforeTestMethodCallbacks.evaluate(RunBeforeTestMethodCallbacks.java:74)
	at org.springframework.test.context.junit4.statements.RunAfterTestMethodCallbacks.evaluate(RunAfterTestMethodCallbacks.java:83)
	at org.springframework.test.context.junit4.statements.SpringRepeat.evaluate(SpringRepeat.java:72)
	at org.springframework.test.context.junit4.SpringJUnit4ClassRunner.runChild(SpringJUnit4ClassRunner.java:231)
	at org.springframework.test.context.junit4.SpringJUnit4ClassRunner.runChild(SpringJUnit4ClassRunner.java:88)
	at org.junit.runners.ParentRunner$3.run(ParentRunner.java:238)
	at org.junit.runners.ParentRunner$1.schedule(ParentRunner.java:63)
	at org.junit.runners.ParentRunner.runChildren(ParentRunner.java:236)
	at org.junit.runners.ParentRunner.access$000(ParentRunner.java:53)
	at org.junit.runners.ParentRunner$2.evaluate(ParentRunner.java:229)
	at org.springframework.test.context.junit4.statements.RunBeforeTestClassCallbacks.evaluate(RunBeforeTestClassCallbacks.java:61)
	at org.springframework.test.context.junit4.statements.RunAfterTestClassCallbacks.evaluate(RunAfterTestClassCallbacks.java:71)
	at org.junit.runners.ParentRunner.run(ParentRunner.java:309)
	at org.springframework.test.context.junit4.SpringJUnit4ClassRunner.run(SpringJUnit4ClassRunner.java:174)
	at org.apache.maven.surefire.junit4.JUnit4Provider.execute(JUnit4Provider.java:252)
	at org.apache.maven.surefire.junit4.JUnit4Provider.executeTestSet(JUnit4Provider.java:141)
	at org.apache.maven.surefire.junit4.JUnit4Provider.invoke(JUnit4Provider.java:112)
	at sun.reflect.NativeMethodAccessorImpl.invoke0(Native Method)
	at sun.reflect.NativeMethodAccessorImpl.invoke(NativeMethodAccessorImpl.java:62)
	at sun.reflect.DelegatingMethodAccessorImpl.invoke(DelegatingMethodAccessorImpl.java:43)
	at java.lang.reflect.Method.invoke(Method.java:498)
	at org.apache.maven.surefire.util.ReflectionUtils.invokeMethodWithArray(ReflectionUtils.java:189)
	at org.apache.maven.surefire.booter.ProviderFactory$ProviderProxy.invoke(ProviderFactory.java:165)
	at org.apache.maven.surefire.booter.ProviderFactory.invokeProvider(ProviderFactory.java:85)
	at org.apache.maven.surefire.booter.ForkedBooter.runSuitesInProcess(ForkedBooter.java:115)
	at org.apache.maven.surefire.booter.ForkedBooter.main(ForkedBooter.java:75)
</error>
    <system-out>DEBUG LogFactory - Logging initialized using &apos;class org.apache.ibatis.logging.slf4j.Slf4jImpl&apos; adapter.
DEBUG SqlSessionFactoryBean - Property &apos;configLocation&apos; not specified, using default MyBatis Configuration
DEBUG SqlSessionFactoryBean - Parsed mapper file: &apos;file [E:\bms\target\classes\com\eleven\booklibrary\dao\BookMapper-custom.xml]&apos;
DEBUG SqlSessionFactoryBean - Parsed mapper file: &apos;file [E:\bms\target\classes\com\eleven\booklibrary\dao\BookMapper.xml]&apos;
DEBUG SqlSessionFactoryBean - Parsed mapper file: &apos;file [E:\bms\target\classes\com\eleven\booklibrary\dao\BooktypeMapper-custom.xml]&apos;
DEBUG SqlSessionFactoryBean - Parsed mapper file: &apos;file [E:\bms\target\classes\com\eleven\booklibrary\dao\BooktypeMapper.xml]&apos;
DEBUG SqlSessionFactoryBean - Parsed mapper file: &apos;file [E:\bms\target\classes\com\eleven\booklibrary\dao\BorrowerMapper-custom.xml]&apos;
DEBUG SqlSessionFactoryBean - Parsed mapper file: &apos;file [E:\bms\target\classes\com\eleven\booklibrary\dao\BorrowerMapper.xml]&apos;
DEBUG SqlSessionFactoryBean - Parsed mapper file: &apos;file [E:\bms\target\classes\com\eleven\booklibrary\dao\BorrowertypeMapper-custom.xml]&apos;
DEBUG SqlSessionFactoryBean - Parsed mapper file: &apos;file [E:\bms\target\classes\com\eleven\booklibrary\dao\BorrowertypeMapper.xml]&apos;
DEBUG SqlSessionFactoryBean - Parsed mapper file: &apos;file [E:\bms\target\classes\com\eleven\booklibrary\dao\BorrowMapper-custom.xml]&apos;
DEBUG SqlSessionFactoryBean - Parsed mapper file: &apos;file [E:\bms\target\classes\com\eleven\booklibrary\dao\BorrowMapper.xml]&apos;
DEBUG SqlSessionFactoryBean - Parsed mapper file: &apos;file [E:\bms\target\classes\com\eleven\booklibrary\dao\UserMapper-custom.xml]&apos;
DEBUG SqlSessionFactoryBean - Parsed mapper file: &apos;file [E:\bms\target\classes\com\eleven\booklibrary\dao\UserMapper.xml]&apos;
</system-out>
    <system-err>SLF4J: Class path contains multiple SLF4J bindings.
SLF4J: Found binding in [jar:file:/E:/bms/newRepository/ch/qos/logback/logback-classic/1.0.12/logback-classic-1.0.12.jar!/org/slf4j/impl/StaticLoggerBinder.class]
SLF4J: Found binding in [jar:file:/E:/bms/newRepository/org/slf4j/slf4j-log4j12/1.6.6/slf4j-log4j12-1.6.6.jar!/org/slf4j/impl/StaticLoggerBinder.class]
SLF4J: See http://www.slf4j.org/codes.html#multiple_bindings for an explanation.
SLF4J: Actual binding is of type [ch.qos.logback.classic.util.ContextSelectorStaticBinder]
</system-err>
  </testcase>
  <testcase classname="com.eleven.booklibrary.service.test.TestBookServcie" name="testInsertBook" time="0.823"/>
  <testcase classname="com.eleven.booklibrary.service.test.TestBookServcie" name="testDeleteBook" time="0.159"/>
</testsuite>