<?xml version="1.0" encoding="UTF-8" ?>
<testsuite tests="6" failures="0" name="com.eleven.booklibrary.service.test.TestBorrowerService" time="1.856" errors="2" skipped="0">
  <properties>
[...]
</properties>
  <testcase classname="com.eleven.booklibrary.service.test.TestBorrowerService" name="testInsertBorrower" time="1.693"/>
  <testcase classname="com.eleven.booklibrary.service.test.TestBorrowerService" name="testGetLastCardNumber" time="0.007"/>
  <testcase classname="com.eleven.booklibrary.service.test.TestBorrowerService" name="testDeleteBorrower" time="0.046"/>
  <testcase classname="com.eleven.booklibrary.service.test.TestBorrowerService" name="testSelectBorrowers" time="0.035"/>
  <testcase classname="com.eleven.booklibrary.service.test.TestBorrowerService" name="testUpdateBorrower" time="0.055">
    <error type="java.lang.NullPointerException">java.lang.NullPointerException
	at com.eleven.booklibrary.util.ModelPrinter.print(ModelPrinter.java:13)
	at com.eleven.booklibrary.service.test.TestBorrowerService.testUpdateBorrower(TestBorrowerService.java:76)
	at sun.reflect.NativeMethodAccessorImpl.invoke0(Native Method)
	at sun.reflect.NativeMethodAccessorImpl.invoke(NativeMethodAccessorImpl.java:62)
	at sun.reflect.DelegatingMethodAccessorImpl.invoke(DelegatingMethodAccessorImpl.java:43)
	at java.lang.reflect.Method.invoke(Method.java:498)
	at org.junit.runners.model.FrameworkMethod$1.runReflectiveCall(FrameworkMethod.java:47)
	at org.junit.internal.runners.model.ReflectiveCallable.run(ReflectiveCallable.java:12)
	at org.junit.runners.model.FrameworkMethod.invokeExplosively(FrameworkMethod.java:44)
	at org.junit.internal.runners.statements.InvokeMethod.evaluate(InvokeMethod.java:17)
	at org.springframework.test.context.junit4.statements.RunBeforeTestMethodCallbacks.evaluate(RunBeforeTestMethodCallbacks.java:74)
	at org.springframework.test.context.junit4.statements.RunAfterTestMethodCallbacks.evaluate(RunAfterTestMethodCallbacks.java:83)
	at org.springframework.test.context.junit4.statements.SpringRepeat.evaluate(SpringRepeat.java:72)
	at org.springframework.test.context.junit4.SpringJUnit4ClassRunner.runChild(SpringJUnit4ClassRunner.java:231)
	at org.springframework.test.context.junit4.SpringJUnit4ClassRunner.runChild(SpringJUnit4ClassRunner.java:88)
	at org.junit.runners.ParentRunner$3.run(ParentRunner.java:238)
	at org.junit.runners.ParentRunner$1.schedule(ParentRunner.java:63)
	at org.junit.runners.ParentRunner.runChildren(ParentRunner.java:236)
	at org.junit.runners.ParentRunner.access$000(ParentRunner.java:53)
	at org.junit.runners.ParentRunner$2.evaluate(ParentRunner.java:229)
	at org.springframework.test.context.junit4.statements.RunBeforeTestClassCallbacks.evaluate(RunBeforeTestClassCallbacks.java:61)
	at org.springframework.test.context.junit4.statements.RunAfterTestClassCallbacks.evaluate(RunAfterTestClassCallbacks.java:71)
	at org.junit.runners.ParentRunner.run(ParentRunner.java:309)
	at org.springframework.test.context.junit4.SpringJUnit4ClassRunner.run(SpringJUnit4ClassRunner.java:174)
	at org.apache.maven.surefire.junit4.JUnit4Provider.execute(JUnit4Provider.java:252)
	at org.apache.maven.surefire.junit4.JUnit4Provider.executeTestSet(JUnit4Provider.java:141)
	at org.apache.maven.surefire.junit4.JUnit4Provider.invoke(JUnit4Provider.java:112)
	at sun.reflect.NativeMethodAccessorImpl.invoke0(Native Method)
	at sun.reflect.NativeMethodAccessorImpl.invoke(NativeMethodAccessorImpl.java:62)
	at sun.reflect.DelegatingMethodAccessorImpl.invoke(DelegatingMethodAccessorImpl.java:43)
	at java.lang.reflect.Method.invoke(Method.java:498)
	at org.apache.maven.surefire.util.ReflectionUtils.invokeMethodWithArray(ReflectionUtils.java:189)
	at org.apache.maven.surefire.booter.ProviderFactory$ProviderProxy.invoke(ProviderFactory.java:165)
	at org.apache.maven.surefire.booter.ProviderFactory.invokeProvider(ProviderFactory.java:85)
	at org.apache.maven.surefire.booter.ForkedBooter.runSuitesInProcess(ForkedBooter.java:115)
	at org.apache.maven.surefire.booter.ForkedBooter.main(ForkedBooter.java:75)
</error>
    <system-out>DEBUG SqlSessionUtils - Creating a new SqlSession
DEBUG SqlSessionUtils - SqlSession [org.apache.ibatis.session.defaults.DefaultSqlSession@30c0ccff] was not registered for synchronization because synchronization is not active
DEBUG SpringManagedTransaction - JDBC Connection [com.alibaba.druid.proxy.jdbc.ConnectionProxyImpl@3f053c80] will not be managed by Spring
DEBUG updateByPrimaryKey - ooo Using Connection [com.alibaba.druid.proxy.jdbc.ConnectionProxyImpl@3f053c80]
DEBUG updateByPrimaryKey - ==&gt;  Preparing: update borrower set name = ?, sex = ?, id_card_number = ?, work_place = ?, address = ?, phone = ?, type = ?, borrowed = ?, is_lost = ? where card_number = ? 
DEBUG updateByPrimaryKey - ==&gt; Parameters: ̷Էϼ(String), Ů(String), 440782199109133911(String), ���ش�ѧ(String), ���ش�ѧ(String), 13750376797(String), ��������Ա(String), 0(Integer), 0(Integer), 101(Long)
DEBUG SqlSessionUtils - Closing non transactional SqlSession [org.apache.ibatis.session.defaults.DefaultSqlSession@30c0ccff]
DEBUG SqlSessionUtils - Creating a new SqlSession
DEBUG SqlSessionUtils - SqlSession [org.apache.ibatis.session.defaults.DefaultSqlSession@1d572e62] was not registered for synchronization because synchronization is not active
DEBUG SpringManagedTransaction - JDBC Connection [com.alibaba.druid.proxy.jdbc.ConnectionProxyImpl@3f053c80] will not be managed by Spring
DEBUG selectByExample - ooo Using Connection [com.alibaba.druid.proxy.jdbc.ConnectionProxyImpl@3f053c80]
DEBUG selectByExample - ==&gt;  Preparing: select card_number, name, sex, id_card_number, work_place, address, phone, type, create_time, borrowed, is_lost from borrower WHERE ( card_number = ? and type = ? ) 
DEBUG selectByExample - ==&gt; Parameters: 101(Long), (String)
DEBUG SqlSessionUtils - Closing non transactional SqlSession [org.apache.ibatis.session.defaults.DefaultSqlSession@1d572e62]
</system-out>
  </testcase>
  <testcase classname="com.eleven.booklibrary.service.test.TestBorrowerService" name="testSelectBorrower" time="0.02">
    <error type="java.lang.NullPointerException">java.lang.NullPointerException
	at com.eleven.booklibrary.util.ModelPrinter.print(ModelPrinter.java:13)
	at com.eleven.booklibrary.service.test.TestBorrowerService.testSelectBorrower(TestBorrowerService.java:46)
	at sun.reflect.NativeMethodAccessorImpl.invoke0(Native Method)
	at sun.reflect.NativeMethodAccessorImpl.invoke(NativeMethodAccessorImpl.java:62)
	at sun.reflect.DelegatingMethodAccessorImpl.invoke(DelegatingMethodAccessorImpl.java:43)
	at java.lang.reflect.Method.invoke(Method.java:498)
	at org.junit.runners.model.FrameworkMethod$1.runReflectiveCall(FrameworkMethod.java:47)
	at org.junit.internal.runners.model.ReflectiveCallable.run(ReflectiveCallable.java:12)
	at org.junit.runners.model.FrameworkMethod.invokeExplosively(FrameworkMethod.java:44)
	at org.junit.internal.runners.statements.InvokeMethod.evaluate(InvokeMethod.java:17)
	at org.springframework.test.context.junit4.statements.RunBeforeTestMethodCallbacks.evaluate(RunBeforeTestMethodCallbacks.java:74)
	at org.springframework.test.context.junit4.statements.RunAfterTestMethodCallbacks.evaluate(RunAfterTestMethodCallbacks.java:83)
	at org.springframework.test.context.junit4.statements.SpringRepeat.evaluate(SpringRepeat.java:72)
	at org.springframework.test.context.junit4.SpringJUnit4ClassRunner.runChild(SpringJUnit4ClassRunner.java:231)
	at org.springframework.test.context.junit4.SpringJUnit4ClassRunner.runChild(SpringJUnit4ClassRunner.java:88)
	at org.junit.runners.ParentRunner$3.run(ParentRunner.java:238)
	at org.junit.runners.ParentRunner$1.schedule(ParentRunner.java:63)
	at org.junit.runners.ParentRunner.runChildren(ParentRunner.java:236)
	at org.junit.runners.ParentRunner.access$000(ParentRunner.java:53)
	at org.junit.runners.ParentRunner$2.evaluate(ParentRunner.java:229)
	at org.springframework.test.context.junit4.statements.RunBeforeTestClassCallbacks.evaluate(RunBeforeTestClassCallbacks.java:61)
	at org.springframework.test.context.junit4.statements.RunAfterTestClassCallbacks.evaluate(RunAfterTestClassCallbacks.java:71)
	at org.junit.runners.ParentRunner.run(ParentRunner.java:309)
	at org.springframework.test.context.junit4.SpringJUnit4ClassRunner.run(SpringJUnit4ClassRunner.java:174)
	at org.apache.maven.surefire.junit4.JUnit4Provider.execute(JUnit4Provider.java:252)
	at org.apache.maven.surefire.junit4.JUnit4Provider.executeTestSet(JUnit4Provider.java:141)
	at org.apache.maven.surefire.junit4.JUnit4Provider.invoke(JUnit4Provider.java:112)
	at sun.reflect.NativeMethodAccessorImpl.invoke0(Native Method)
	at sun.reflect.NativeMethodAccessorImpl.invoke(NativeMethodAccessorImpl.java:62)
	at sun.reflect.DelegatingMethodAccessorImpl.invoke(DelegatingMethodAccessorImpl.java:43)
	at java.lang.reflect.Method.invoke(Method.java:498)
	at org.apache.maven.surefire.util.ReflectionUtils.invokeMethodWithArray(ReflectionUtils.java:189)
	at org.apache.maven.surefire.booter.ProviderFactory$ProviderProxy.invoke(ProviderFactory.java:165)
	at org.apache.maven.surefire.booter.ProviderFactory.invokeProvider(ProviderFactory.java:85)
	at org.apache.maven.surefire.booter.ForkedBooter.runSuitesInProcess(ForkedBooter.java:115)
	at org.apache.maven.surefire.booter.ForkedBooter.main(ForkedBooter.java:75)
</error>
    <system-out>DEBUG SqlSessionUtils - Creating a new SqlSession
DEBUG SqlSessionUtils - SqlSession [org.apache.ibatis.session.defaults.DefaultSqlSession@1c807b1d] was not registered for synchronization because synchronization is not active
DEBUG SpringManagedTransaction - JDBC Connection [com.alibaba.druid.proxy.jdbc.ConnectionProxyImpl@3f053c80] will not be managed by Spring
DEBUG selectByExample - ooo Using Connection [com.alibaba.druid.proxy.jdbc.ConnectionProxyImpl@3f053c80]
DEBUG selectByExample - ==&gt;  Preparing: select card_number, name, sex, id_card_number, work_place, address, phone, type, create_time, borrowed, is_lost from borrower WHERE ( card_number = ? and type = ? ) 
DEBUG selectByExample - ==&gt; Parameters: 100(Long), (String)
DEBUG SqlSessionUtils - Closing non transactional SqlSession [org.apache.ibatis.session.defaults.DefaultSqlSession@1c807b1d]
</system-out>
  </testcase>
</testsuite>