<?xml version="1.0" encoding="UTF-8" ?>
<testsuite tests="1" failures="0" name="com.eleven.booklibrary.service.test.EmailTest" time="2.487" errors="1" skipped="0">
  <properties>
[...]
</properties>
  <testcase classname="com.eleven.booklibrary.service.test.EmailTest" name="testSendMail" time="2.487">
    <error message="Authentication failed; nested exception is javax.mail.AuthenticationFailedException: 535 Error: ÇëÊ¹ÓÃÊÚÈ¨ÂëµÇÂ¼¡£ÏêÇéÇë¿´: http://service.mail.qq.com/cgi-bin/help?subtype=1&amp;&amp;id=28&amp;&amp;no=1001256
" type="org.springframework.mail.MailAuthenticationException">org.springframework.mail.MailAuthenticationException: Authentication failed; nested exception is javax.mail.AuthenticationFailedException: 535 Error: ÇëÊ¹ÓÃÊÚÈ¨ÂëµÇÂ¼¡£ÏêÇéÇë¿´: http://service.mail.qq.com/cgi-bin/help?subtype=1&amp;&amp;id=28&amp;&amp;no=1001256

	at org.springframework.mail.javamail.JavaMailSenderImpl.doSend(JavaMailSenderImpl.java:409)
	at org.springframework.mail.javamail.JavaMailSenderImpl.send(JavaMailSenderImpl.java:307)
	at org.springframework.mail.javamail.JavaMailSenderImpl.send(JavaMailSenderImpl.java:296)
	at com.eleven.booklibrary.util.Email.sendMail(Email.java:30)
	at com.eleven.booklibrary.service.test.EmailTest.testSendMail(EmailTest.java:22)
	at sun.reflect.NativeMethodAccessorImpl.invoke0(Native Method)
	at sun.reflect.NativeMethodAccessorImpl.invoke(NativeMethodAccessorImpl.java:62)
	at sun.reflect.DelegatingMethodAccessorImpl.invoke(DelegatingMethodAccessorImpl.java:43)
	at java.lang.reflect.Method.invoke(Method.java:498)
	at org.junit.runners.model.FrameworkMethod$1.runReflectiveCall(FrameworkMethod.java:47)
	at org.junit.internal.runners.model.ReflectiveCallable.run(ReflectiveCallable.java:12)
	at org.junit.runners.model.FrameworkMethod.invokeExplosively(FrameworkMethod.java:44)
	at org.junit.internal.runners.statements.InvokeMethod.evaluate(InvokeMethod.java:17)
	at org.junit.runners.ParentRunner.runLeaf(ParentRunner.java:271)
	at org.junit.runners.BlockJUnit4ClassRunner.runChild(BlockJUnit4ClassRunner.java:70)
	at org.junit.runners.BlockJUnit4ClassRunner.runChild(BlockJUnit4ClassRunner.java:50)
	at org.junit.runners.ParentRunner$3.run(ParentRunner.java:238)
	at org.junit.runners.ParentRunner$1.schedule(ParentRunner.java:63)
	at org.junit.runners.ParentRunner.runChildren(ParentRunner.java:236)
	at org.junit.runners.ParentRunner.access$000(ParentRunner.java:53)
	at org.junit.runners.ParentRunner$2.evaluate(ParentRunner.java:229)
	at org.junit.runners.ParentRunner.run(ParentRunner.java:309)
	at org.apache.maven.surefire.junit4.JUnit4Provider.execute(JUnit4Provider.java:252)
	at org.apache.maven.surefire.junit4.JUnit4Provider.executeTestSet(JUnit4Provider.java:141)
	at org.apache.maven.surefire.junit4.JUnit4Provider.invoke(JUnit4Provider.java:112)
	at sun.reflect.NativeMethodAccessorImpl.invoke0(Native Method)
	at sun.reflect.NativeMethodAccessorImpl.invoke(NativeMethodAccessorImpl.java:62)
	at sun.reflect.DelegatingMethodAccessorImpl.invoke(DelegatingMethodAccessorImpl.java:43)
	at java.lang.reflect.Method.invoke(Method.java:498)
	at org.apache.maven.surefire.util.ReflectionUtils.invokeMethodWithArray(ReflectionUtils.java:189)
	at org.apache.maven.surefire.booter.ProviderFactory$ProviderProxy.invoke(ProviderFactory.java:165)
	at org.apache.maven.surefire.booter.ProviderFactory.invokeProvider(ProviderFactory.java:85)
	at org.apache.maven.surefire.booter.ForkedBooter.runSuitesInProcess(ForkedBooter.java:115)
	at org.apache.maven.surefire.booter.ForkedBooter.main(ForkedBooter.java:75)
Caused by: javax.mail.AuthenticationFailedException: 535 Error: ÇëÊ¹ÓÃÊÚÈ¨ÂëµÇÂ¼¡£ÏêÇéÇë¿´: http://service.mail.qq.com/cgi-bin/help?subtype=1&amp;&amp;id=28&amp;&amp;no=1001256

	at com.sun.mail.smtp.SMTPTransport$Authenticator.authenticate(SMTPTransport.java:809)
	at com.sun.mail.smtp.SMTPTransport.authenticate(SMTPTransport.java:752)
	at com.sun.mail.smtp.SMTPTransport.protocolConnect(SMTPTransport.java:669)
	at javax.mail.Service.connect(Service.java:295)
	at org.springframework.mail.javamail.JavaMailSenderImpl.connectTransport(JavaMailSenderImpl.java:486)
	at org.springframework.mail.javamail.JavaMailSenderImpl.doSend(JavaMailSenderImpl.java:406)
	... 33 more
</error>
    <system-out>DEBUG: JavaMail version 1.4.4
DEBUG: successfully loaded resource: /META-INF/javamail.default.providers
DEBUG: Tables of loaded providers
DEBUG: Providers Listed By Class Name: {com.sun.mail.smtp.SMTPSSLTransport=javax.mail.Provider[TRANSPORT,smtps,com.sun.mail.smtp.SMTPSSLTransport,Sun Microsystems, Inc], com.sun.mail.smtp.SMTPTransport=javax.mail.Provider[TRANSPORT,smtp,com.sun.mail.smtp.SMTPTransport,Sun Microsystems, Inc], com.sun.mail.imap.IMAPSSLStore=javax.mail.Provider[STORE,imaps,com.sun.mail.imap.IMAPSSLStore,Sun Microsystems, Inc], com.sun.mail.pop3.POP3SSLStore=javax.mail.Provider[STORE,pop3s,com.sun.mail.pop3.POP3SSLStore,Sun Microsystems, Inc], com.sun.mail.imap.IMAPStore=javax.mail.Provider[STORE,imap,com.sun.mail.imap.IMAPStore,Sun Microsystems, Inc], com.sun.mail.pop3.POP3Store=javax.mail.Provider[STORE,pop3,com.sun.mail.pop3.POP3Store,Sun Microsystems, Inc]}
DEBUG: Providers Listed By Protocol: {imaps=javax.mail.Provider[STORE,imaps,com.sun.mail.imap.IMAPSSLStore,Sun Microsystems, Inc], imap=javax.mail.Provider[STORE,imap,com.sun.mail.imap.IMAPStore,Sun Microsystems, Inc], smtps=javax.mail.Provider[TRANSPORT,smtps,com.sun.mail.smtp.SMTPSSLTransport,Sun Microsystems, Inc], pop3=javax.mail.Provider[STORE,pop3,com.sun.mail.pop3.POP3Store,Sun Microsystems, Inc], pop3s=javax.mail.Provider[STORE,pop3s,com.sun.mail.pop3.POP3SSLStore,Sun Microsystems, Inc], smtp=javax.mail.Provider[TRANSPORT,smtp,com.sun.mail.smtp.SMTPTransport,Sun Microsystems, Inc]}
DEBUG: successfully loaded resource: /META-INF/javamail.default.address.map
DEBUG: getProvider() returning javax.mail.Provider[TRANSPORT,smtp,com.sun.mail.smtp.SMTPTransport,Sun Microsystems, Inc]
DEBUG SMTP: useEhlo true, useAuth true
DEBUG SMTP: trying to connect to host &quot;smtp.exmail.qq.com&quot;, port 465, isSSL true
220 smtp.qq.com Esmtp QQ Mail Server
DEBUG SMTP: connected to host &quot;smtp.exmail.qq.com&quot;, port: 465

EHLO 10.200.9.14
250-smtp.qq.com
250-PIPELINING
250-SIZE 73400320
250-AUTH LOGIN PLAIN
250-AUTH=LOGIN
250-MAILCOMPRESS
250 8BITMIME
DEBUG SMTP: Found extension &quot;PIPELINING&quot;, arg &quot;&quot;
DEBUG SMTP: Found extension &quot;SIZE&quot;, arg &quot;73400320&quot;
DEBUG SMTP: Found extension &quot;AUTH&quot;, arg &quot;LOGIN PLAIN&quot;
DEBUG SMTP: Found extension &quot;AUTH=LOGIN&quot;, arg &quot;&quot;
DEBUG SMTP: Found extension &quot;MAILCOMPRESS&quot;, arg &quot;&quot;
DEBUG SMTP: Found extension &quot;8BITMIME&quot;, arg &quot;&quot;
DEBUG SMTP: Attempt to authenticate
DEBUG SMTP: check mechanisms: LOGIN PLAIN DIGEST-MD5 NTLM 
AUTH LOGIN
334 VXNlcm5hbWU6
MTkxODUyODMzNkBxcS5jb20=
334 UGFzc3dvcmQ6
cW9ueHZoa25heXdoY2Fkag==
535 Error: ��ʹ����Ȩ���¼�������뿴: http://service.mail.qq.com/cgi-bin/help?subtype=1&amp;&amp;id=28&amp;&amp;no=1001256
</system-out>
  </testcase>
</testsuite>